h:\github\yellowbutterfly\yellowbutterfly\debug\yellowbutterfly.pch
h:\github\yellowbutterfly\yellowbutterfly\debug\vc120.pdb
h:\github\yellowbutterfly\yellowbutterfly\debug\vc120.idb
h:\github\yellowbutterfly\yellowbutterfly\debug\stdafx.obj
h:\github\yellowbutterfly\yellowbutterfly\debug\exit.obj
h:\github\yellowbutterfly\yellowbutterfly\debug\md5.obj
h:\github\yellowbutterfly\yellowbutterfly\debug\showtip.obj
h:\github\yellowbutterfly\yellowbutterfly\debug\thanks.obj
h:\github\yellowbutterfly\yellowbutterfly\debug\udpclient.obj
h:\github\yellowbutterfly\yellowbutterfly\debug\usage.obj
h:\github\yellowbutterfly\yellowbutterfly\debug\usersetting.obj
h:\github\yellowbutterfly\yellowbutterfly\debug\yellowbutterfly.obj
h:\github\yellowbutterfly\yellowbutterfly\debug\yellowbutterflydlg.obj
h:\github\yellowbutterfly\debug\yellowbutterfly.ilk
h:\github\yellowbutterfly\debug\yellowbutterfly.exe
h:\github\yellowbutterfly\debug\yellowbutterfly.pdb
h:\github\yellowbutterfly\yellowbutterfly\debug\yellowbutterfly.res
h:\github\yellowbutterfly\yellowbutterfly\debug\yellowbutterfly.tlog\cl.command.1.tlog
h:\github\yellowbutterfly\yellowbutterfly\debug\yellowbutterfly.tlog\cl.read.1.tlog
h:\github\yellowbutterfly\yellowbutterfly\debug\yellowbutterfly.tlog\cl.write.1.tlog
h:\github\yellowbutterfly\yellowbutterfly\debug\yellowbutterfly.tlog\link.command.1.tlog
h:\github\yellowbutterfly\yellowbutterfly\debug\yellowbutterfly.tlog\link.read.1.tlog
h:\github\yellowbutterfly\yellowbutterfly\debug\yellowbutterfly.tlog\link.write.1.tlog
h:\github\yellowbutterfly\yellowbutterfly\debug\yellowbutterfly.tlog\rc.command.1.tlog
h:\github\yellowbutterfly\yellowbutterfly\debug\yellowbutterfly.tlog\rc.read.1.tlog
h:\github\yellowbutterfly\yellowbutterfly\debug\yellowbutterfly.tlog\rc.write.1.tlog
